2025-12-12 19:24:52 INFO  [restartedMain] c.r.p.ProductServiceApplication - Starting ProductServiceApplication using Java 17.0.8.1 with PID 23964 (D:\Ranjith\Workspace\Microservices-v5\product-service\target\classes started by ranji in D:\Ranjith\Workspace\Microservices-v5\product-service)
2025-12-12 19:24:52 DEBUG [restartedMain] c.r.p.ProductServiceApplication - Running with Spring Boot v4.0.0, Spring v7.0.1
2025-12-12 19:24:52 INFO  [restartedMain] c.r.p.ProductServiceApplication - No active profile set, falling back to 1 default profile: "default"
2025-12-12 19:24:52 INFO  [restartedMain] o.s.d.r.c.RepositoryConfigurationDelegate - Bootstrapping Spring Data JPA repositories in DEFAULT mode.
2025-12-12 19:24:52 INFO  [restartedMain] o.s.d.r.c.RepositoryConfigurationDelegate - Finished Spring Data repository scanning in 7 ms. Found 1 JPA repository interface.
2025-12-12 19:24:52 INFO  [restartedMain] o.s.boot.tomcat.TomcatWebServer - Tomcat initialized with port 8082 (http)
2025-12-12 19:24:52 INFO  [restartedMain] o.a.catalina.core.StandardService - Starting service [Tomcat]
2025-12-12 19:24:52 INFO  [restartedMain] o.a.catalina.core.StandardEngine - Starting Servlet engine: [Apache Tomcat/11.0.14]
2025-12-12 19:24:52 INFO  [restartedMain] o.s.b.w.c.s.WebApplicationContextInitializer - Root WebApplicationContext: initialization completed in 235 ms
2025-12-12 19:24:52 INFO  [restartedMain] o.h.jpa.internal.util.LogHelper - HHH000204: Processing PersistenceUnitInfo [name: default]
2025-12-12 19:24:52 INFO  [restartedMain] o.s.o.j.p.SpringPersistenceUnitInfo - No LoadTimeWeaver setup: ignoring JPA class transformer
2025-12-12 19:24:52 INFO  [restartedMain] com.zaxxer.hikari.HikariDataSource - HikariPool-9 - Starting...
2025-12-12 19:24:52 INFO  [restartedMain] com.zaxxer.hikari.pool.HikariPool - HikariPool-9 - Added connection org.postgresql.jdbc.PgConnection@65fa020f
2025-12-12 19:24:52 INFO  [restartedMain] com.zaxxer.hikari.HikariDataSource - HikariPool-9 - Start completed.
2025-12-12 19:24:52 WARN  [restartedMain] org.hibernate.orm.deprecation - HHH90000025: PostgreSQLDialect does not need to be specified explicitly using 'hibernate.dialect' (remove the property setting and it will be selected by default)
2025-12-12 19:24:52 INFO  [restartedMain] o.hibernate.orm.connections.pooling - HHH10001005: Database info:
	Database JDBC URL [jdbc:postgresql://localhost:5432/crud]
	Database driver: PostgreSQL JDBC Driver
	Database dialect: PostgreSQLDialect
	Database version: 16.7
	Default catalog/schema: crud/public
	Autocommit mode: undefined/unknown
	Isolation level: READ_COMMITTED [default READ_COMMITTED]
	JDBC fetch size: none
	Pool: DatasourceConnectionProviderImpl
	Minimum pool size: undefined/unknown
	Maximum pool size: undefined/unknown
2025-12-12 19:24:52 INFO  [restartedMain] o.h.e.t.j.p.i.JtaPlatformInitiator - HHH000489: No JTA platform available (set 'hibernate.transaction.jta.platform' to enable JTA platform integration)
2025-12-12 19:24:52 INFO  [restartedMain] org.hibernate.orm.jdbc.batch - HHH100501: Automatic JDBC statement batching enabled (maximum batch size 30)
2025-12-12 19:24:52 INFO  [restartedMain] o.s.o.j.LocalContainerEntityManagerFactoryBean - Initialized JPA EntityManagerFactory for persistence unit 'default'
2025-12-12 19:24:52 WARN  [restartedMain] o.s.b.j.a.JpaBaseConfiguration$JpaWebConfiguration - spring.jpa.open-in-view is enabled by default. Therefore, database queries may be performed during view rendering. Explicitly configure spring.jpa.open-in-view to disable this warning
2025-12-12 19:24:52 INFO  [restartedMain] o.s.boot.tomcat.TomcatWebServer - Tomcat started on port 8082 (http) with context path '/'
2025-12-12 19:24:52 INFO  [restartedMain] c.r.p.ProductServiceApplication - Started ProductServiceApplication in 0.683 seconds (process running for 4377.327)
2025-12-12 19:24:52 INFO  [restartedMain] o.s.b.d.a.ConditionEvaluationDeltaLoggingListener - Condition evaluation unchanged
2025-12-12 19:25:53 INFO  [File Watcher] o.s.b.d.a.LocalDevToolsAutoConfiguration$RestartingClassPathChangeChangedEventListener - Restarting due to 1 class path change (1 addition, 0 deletions, 0 modifications)
2025-12-12 19:25:53 INFO  [Thread-33] o.s.boot.tomcat.GracefulShutdown - Commencing graceful shutdown. Waiting for active requests to complete
2025-12-12 19:25:53 INFO  [tomcat-shutdown] o.s.boot.tomcat.GracefulShutdown - Graceful shutdown complete
2025-12-12 19:25:53 INFO  [Thread-33] o.s.o.j.LocalContainerEntityManagerFactoryBean - Closing JPA EntityManagerFactory for persistence unit 'default'
2025-12-12 19:25:53 INFO  [Thread-33] com.zaxxer.hikari.HikariDataSource - HikariPool-9 - Shutdown initiated...
2025-12-12 19:25:53 INFO  [Thread-33] com.zaxxer.hikari.HikariDataSource - HikariPool-9 - Shutdown completed.
2025-12-12 19:25:53 INFO  [restartedMain] c.r.p.ProductServiceApplication - Starting ProductServiceApplication using Java 17.0.8.1 with PID 23964 (D:\Ranjith\Workspace\Microservices-v5\product-service\target\classes started by ranji in D:\Ranjith\Workspace\Microservices-v5\product-service)
2025-12-12 19:25:53 DEBUG [restartedMain] c.r.p.ProductServiceApplication - Running with Spring Boot v4.0.0, Spring v7.0.1
2025-12-12 19:25:53 INFO  [restartedMain] c.r.p.ProductServiceApplication - No active profile set, falling back to 1 default profile: "default"
2025-12-12 19:25:53 INFO  [restartedMain] o.s.d.r.c.RepositoryConfigurationDelegate - Bootstrapping Spring Data JPA repositories in DEFAULT mode.
2025-12-12 19:25:53 INFO  [restartedMain] o.s.d.r.c.RepositoryConfigurationDelegate - Finished Spring Data repository scanning in 11 ms. Found 1 JPA repository interface.
2025-12-12 19:25:53 INFO  [restartedMain] o.s.boot.tomcat.TomcatWebServer - Tomcat initialized with port 8082 (http)
2025-12-12 19:25:53 INFO  [restartedMain] o.a.catalina.core.StandardService - Starting service [Tomcat]
2025-12-12 19:25:53 INFO  [restartedMain] o.a.catalina.core.StandardEngine - Starting Servlet engine: [Apache Tomcat/11.0.14]
2025-12-12 19:25:53 INFO  [restartedMain] o.s.b.w.c.s.WebApplicationContextInitializer - Root WebApplicationContext: initialization completed in 528 ms
2025-12-12 19:25:53 INFO  [restartedMain] o.h.jpa.internal.util.LogHelper - HHH000204: Processing PersistenceUnitInfo [name: default]
2025-12-12 19:25:53 INFO  [restartedMain] o.s.o.j.p.SpringPersistenceUnitInfo - No LoadTimeWeaver setup: ignoring JPA class transformer
2025-12-12 19:25:53 INFO  [restartedMain] com.zaxxer.hikari.HikariDataSource - HikariPool-10 - Starting...
2025-12-12 19:25:54 INFO  [restartedMain] com.zaxxer.hikari.pool.HikariPool - HikariPool-10 - Added connection org.postgresql.jdbc.PgConnection@359bed13
2025-12-12 19:25:54 INFO  [restartedMain] com.zaxxer.hikari.HikariDataSource - HikariPool-10 - Start completed.
2025-12-12 19:25:54 WARN  [restartedMain] org.hibernate.orm.deprecation - HHH90000025: PostgreSQLDialect does not need to be specified explicitly using 'hibernate.dialect' (remove the property setting and it will be selected by default)
2025-12-12 19:25:54 INFO  [restartedMain] o.hibernate.orm.connections.pooling - HHH10001005: Database info:
	Database JDBC URL [jdbc:postgresql://localhost:5432/crud]
	Database driver: PostgreSQL JDBC Driver
	Database dialect: PostgreSQLDialect
	Database version: 16.7
	Default catalog/schema: crud/public
	Autocommit mode: undefined/unknown
	Isolation level: READ_COMMITTED [default READ_COMMITTED]
	JDBC fetch size: none
	Pool: DatasourceConnectionProviderImpl
	Minimum pool size: undefined/unknown
	Maximum pool size: undefined/unknown
2025-12-12 19:25:54 INFO  [restartedMain] o.h.e.t.j.p.i.JtaPlatformInitiator - HHH000489: No JTA platform available (set 'hibernate.transaction.jta.platform' to enable JTA platform integration)
2025-12-12 19:25:54 INFO  [restartedMain] org.hibernate.orm.jdbc.batch - HHH100501: Automatic JDBC statement batching enabled (maximum batch size 30)
2025-12-12 19:25:54 INFO  [restartedMain] o.s.o.j.LocalContainerEntityManagerFactoryBean - Initialized JPA EntityManagerFactory for persistence unit 'default'
2025-12-12 19:25:54 WARN  [restartedMain] o.s.b.j.a.JpaBaseConfiguration$JpaWebConfiguration - spring.jpa.open-in-view is enabled by default. Therefore, database queries may be performed during view rendering. Explicitly configure spring.jpa.open-in-view to disable this warning
2025-12-12 19:25:54 INFO  [restartedMain] o.s.boot.tomcat.TomcatWebServer - Tomcat started on port 8082 (http) with context path '/'
2025-12-12 19:25:54 INFO  [restartedMain] c.r.p.ProductServiceApplication - Started ProductServiceApplication in 1.255 seconds (process running for 4438.913)
2025-12-12 19:25:54 INFO  [restartedMain] o.s.b.d.a.ConditionEvaluationDeltaLoggingListener - Condition evaluation unchanged
2025-12-12 19:26:26 INFO  [File Watcher] o.s.b.d.a.LocalDevToolsAutoConfiguration$RestartingClassPathChangeChangedEventListener - Restarting due to 1 class path change (0 additions, 0 deletions, 1 modification)
2025-12-12 19:26:26 INFO  [Thread-37] o.s.boot.tomcat.GracefulShutdown - Commencing graceful shutdown. Waiting for active requests to complete
2025-12-12 19:26:26 INFO  [tomcat-shutdown] o.s.boot.tomcat.GracefulShutdown - Graceful shutdown complete
2025-12-12 19:26:26 INFO  [Thread-37] o.s.o.j.LocalContainerEntityManagerFactoryBean - Closing JPA EntityManagerFactory for persistence unit 'default'
2025-12-12 19:26:26 INFO  [Thread-37] com.zaxxer.hikari.HikariDataSource - HikariPool-10 - Shutdown initiated...
2025-12-12 19:26:26 INFO  [Thread-37] com.zaxxer.hikari.HikariDataSource - HikariPool-10 - Shutdown completed.
2025-12-12 19:26:26 INFO  [restartedMain] c.r.p.ProductServiceApplication - Starting ProductServiceApplication using Java 17.0.8.1 with PID 23964 (D:\Ranjith\Workspace\Microservices-v5\product-service\target\classes started by ranji in D:\Ranjith\Workspace\Microservices-v5\product-service)
2025-12-12 19:26:26 DEBUG [restartedMain] c.r.p.ProductServiceApplication - Running with Spring Boot v4.0.0, Spring v7.0.1
2025-12-12 19:26:26 INFO  [restartedMain] c.r.p.ProductServiceApplication - No active profile set, falling back to 1 default profile: "default"
2025-12-12 19:26:27 INFO  [restartedMain] o.s.d.r.c.RepositoryConfigurationDelegate - Bootstrapping Spring Data JPA repositories in DEFAULT mode.
2025-12-12 19:26:27 INFO  [restartedMain] o.s.d.r.c.RepositoryConfigurationDelegate - Finished Spring Data repository scanning in 14 ms. Found 1 JPA repository interface.
2025-12-12 19:26:27 INFO  [restartedMain] o.s.boot.tomcat.TomcatWebServer - Tomcat initialized with port 8082 (http)
2025-12-12 19:26:27 INFO  [restartedMain] o.a.catalina.core.StandardService - Starting service [Tomcat]
2025-12-12 19:26:27 INFO  [restartedMain] o.a.catalina.core.StandardEngine - Starting Servlet engine: [Apache Tomcat/11.0.14]
2025-12-12 19:26:27 INFO  [restartedMain] o.s.b.w.c.s.WebApplicationContextInitializer - Root WebApplicationContext: initialization completed in 276 ms
2025-12-12 19:26:27 INFO  [restartedMain] o.h.jpa.internal.util.LogHelper - HHH000204: Processing PersistenceUnitInfo [name: default]
2025-12-12 19:26:27 INFO  [restartedMain] o.s.o.j.p.SpringPersistenceUnitInfo - No LoadTimeWeaver setup: ignoring JPA class transformer
2025-12-12 19:26:27 INFO  [restartedMain] com.zaxxer.hikari.HikariDataSource - HikariPool-11 - Starting...
2025-12-12 19:26:27 INFO  [restartedMain] com.zaxxer.hikari.pool.HikariPool - HikariPool-11 - Added connection org.postgresql.jdbc.PgConnection@2050fd8a
2025-12-12 19:26:27 INFO  [restartedMain] com.zaxxer.hikari.HikariDataSource - HikariPool-11 - Start completed.
2025-12-12 19:26:27 WARN  [restartedMain] org.hibernate.orm.deprecation - HHH90000025: PostgreSQLDialect does not need to be specified explicitly using 'hibernate.dialect' (remove the property setting and it will be selected by default)
2025-12-12 19:26:27 INFO  [restartedMain] o.hibernate.orm.connections.pooling - HHH10001005: Database info:
	Database JDBC URL [jdbc:postgresql://localhost:5432/crud]
	Database driver: PostgreSQL JDBC Driver
	Database dialect: PostgreSQLDialect
	Database version: 16.7
	Default catalog/schema: crud/public
	Autocommit mode: undefined/unknown
	Isolation level: READ_COMMITTED [default READ_COMMITTED]
	JDBC fetch size: none
	Pool: DatasourceConnectionProviderImpl
	Minimum pool size: undefined/unknown
	Maximum pool size: undefined/unknown
2025-12-12 19:26:27 INFO  [restartedMain] o.h.e.t.j.p.i.JtaPlatformInitiator - HHH000489: No JTA platform available (set 'hibernate.transaction.jta.platform' to enable JTA platform integration)
2025-12-12 19:26:27 INFO  [restartedMain] org.hibernate.orm.jdbc.batch - HHH100501: Automatic JDBC statement batching enabled (maximum batch size 30)
2025-12-12 19:26:27 INFO  [restartedMain] o.s.o.j.LocalContainerEntityManagerFactoryBean - Initialized JPA EntityManagerFactory for persistence unit 'default'
2025-12-12 19:26:27 WARN  [restartedMain] o.s.b.j.a.JpaBaseConfiguration$JpaWebConfiguration - spring.jpa.open-in-view is enabled by default. Therefore, database queries may be performed during view rendering. Explicitly configure spring.jpa.open-in-view to disable this warning
2025-12-12 19:26:27 INFO  [restartedMain] o.s.boot.tomcat.TomcatWebServer - Tomcat started on port 8082 (http) with context path '/'
2025-12-12 19:26:27 INFO  [restartedMain] c.r.p.ProductServiceApplication - Started ProductServiceApplication in 1.111 seconds (process running for 4472.312)
2025-12-12 19:26:27 INFO  [restartedMain] o.s.b.d.a.ConditionEvaluationDeltaLoggingListener - Condition evaluation unchanged
2025-12-12 19:26:46 INFO  [http-nio-8082-exec-2] o.a.c.c.C.[Tomcat].[localhost].[/] - Initializing Spring DispatcherServlet 'dispatcherServlet'
2025-12-12 19:26:46 INFO  [http-nio-8082-exec-2] o.s.web.servlet.DispatcherServlet - Initializing Servlet 'dispatcherServlet'
2025-12-12 19:26:46 INFO  [http-nio-8082-exec-2] o.s.web.servlet.DispatcherServlet - Completed initialization in 4 ms
2025-12-12 19:26:46 INFO  [http-nio-8082-exec-2] c.r.product.config.ApiLoggingAspect - API hit: ResponseEntity com.ranjith.product.controller.ProductController.createProduct(ProductDto), Args: [ProductDto(id=null, name=Samsung Galaxy M34, description=Latest 5G smartphone with 6000mAh battery, price=17999.0, quantity=10, category=Electronics, unit=pcs, status=true)]
2025-12-12 19:26:46 INFO  [http-nio-8082-exec-2] c.r.product.config.ApiLoggingAspect - API completed: ResponseEntity com.ranjith.product.controller.ProductController.createProduct(ProductDto), Response: <201 CREATED Created,ApiResponse(status=201, message=Product 4 created Succesfully, timestamp=2025-12-12T19:26:46.605242600, data=ProductDto(id=4, name=Samsung Galaxy M34, description=Latest 5G smartphone with 6000mAh battery, price=17999.0, quantity=10, category=Electronics, unit=pcs, status=true)),[]>, Execution time: 23 ms
2025-12-12 19:28:15 INFO  [File Watcher] o.s.b.d.a.LocalDevToolsAutoConfiguration$RestartingClassPathChangeChangedEventListener - Restarting due to 1 class path change (0 additions, 0 deletions, 1 modification)
2025-12-12 19:28:15 INFO  [Thread-41] o.s.boot.tomcat.GracefulShutdown - Commencing graceful shutdown. Waiting for active requests to complete
2025-12-12 19:28:15 INFO  [tomcat-shutdown] o.s.boot.tomcat.GracefulShutdown - Graceful shutdown complete
2025-12-12 19:28:15 INFO  [Thread-41] o.s.o.j.LocalContainerEntityManagerFactoryBean - Closing JPA EntityManagerFactory for persistence unit 'default'
2025-12-12 19:28:15 INFO  [Thread-41] com.zaxxer.hikari.HikariDataSource - HikariPool-11 - Shutdown initiated...
2025-12-12 19:28:15 INFO  [Thread-41] com.zaxxer.hikari.HikariDataSource - HikariPool-11 - Shutdown completed.
2025-12-12 19:28:15 INFO  [restartedMain] c.r.p.ProductServiceApplication - Starting ProductServiceApplication using Java 17.0.8.1 with PID 23964 (D:\Ranjith\Workspace\Microservices-v5\product-service\target\classes started by ranji in D:\Ranjith\Workspace\Microservices-v5\product-service)
2025-12-12 19:28:15 DEBUG [restartedMain] c.r.p.ProductServiceApplication - Running with Spring Boot v4.0.0, Spring v7.0.1
2025-12-12 19:28:15 INFO  [restartedMain] c.r.p.ProductServiceApplication - No active profile set, falling back to 1 default profile: "default"
2025-12-12 19:28:15 INFO  [restartedMain] o.s.d.r.c.RepositoryConfigurationDelegate - Bootstrapping Spring Data JPA repositories in DEFAULT mode.
2025-12-12 19:28:15 INFO  [restartedMain] o.s.d.r.c.RepositoryConfigurationDelegate - Finished Spring Data repository scanning in 6 ms. Found 1 JPA repository interface.
2025-12-12 19:28:16 INFO  [restartedMain] o.s.boot.tomcat.TomcatWebServer - Tomcat initialized with port 8082 (http)
2025-12-12 19:28:16 INFO  [restartedMain] o.a.catalina.core.StandardService - Starting service [Tomcat]
2025-12-12 19:28:16 INFO  [restartedMain] o.a.catalina.core.StandardEngine - Starting Servlet engine: [Apache Tomcat/11.0.14]
2025-12-12 19:28:16 INFO  [restartedMain] o.s.b.w.c.s.WebApplicationContextInitializer - Root WebApplicationContext: initialization completed in 243 ms
2025-12-12 19:28:16 INFO  [restartedMain] o.h.jpa.internal.util.LogHelper - HHH000204: Processing PersistenceUnitInfo [name: default]
2025-12-12 19:28:16 INFO  [restartedMain] o.s.o.j.p.SpringPersistenceUnitInfo - No LoadTimeWeaver setup: ignoring JPA class transformer
2025-12-12 19:28:16 INFO  [restartedMain] com.zaxxer.hikari.HikariDataSource - HikariPool-12 - Starting...
2025-12-12 19:28:16 INFO  [restartedMain] com.zaxxer.hikari.pool.HikariPool - HikariPool-12 - Added connection org.postgresql.jdbc.PgConnection@24ebedc3
2025-12-12 19:28:16 INFO  [restartedMain] com.zaxxer.hikari.HikariDataSource - HikariPool-12 - Start completed.
2025-12-12 19:28:16 WARN  [restartedMain] org.hibernate.orm.deprecation - HHH90000025: PostgreSQLDialect does not need to be specified explicitly using 'hibernate.dialect' (remove the property setting and it will be selected by default)
2025-12-12 19:28:16 INFO  [restartedMain] o.hibernate.orm.connections.pooling - HHH10001005: Database info:
	Database JDBC URL [jdbc:postgresql://localhost:5432/crud]
	Database driver: PostgreSQL JDBC Driver
	Database dialect: PostgreSQLDialect
	Database version: 16.7
	Default catalog/schema: crud/public
	Autocommit mode: undefined/unknown
	Isolation level: READ_COMMITTED [default READ_COMMITTED]
	JDBC fetch size: none
	Pool: DatasourceConnectionProviderImpl
	Minimum pool size: undefined/unknown
	Maximum pool size: undefined/unknown
2025-12-12 19:28:16 INFO  [restartedMain] o.h.e.t.j.p.i.JtaPlatformInitiator - HHH000489: No JTA platform available (set 'hibernate.transaction.jta.platform' to enable JTA platform integration)
2025-12-12 19:28:16 INFO  [restartedMain] org.hibernate.orm.jdbc.batch - HHH100501: Automatic JDBC statement batching enabled (maximum batch size 30)
2025-12-12 19:28:16 INFO  [restartedMain] o.s.o.j.LocalContainerEntityManagerFactoryBean - Initialized JPA EntityManagerFactory for persistence unit 'default'
2025-12-12 19:28:16 WARN  [restartedMain] o.s.b.j.a.JpaBaseConfiguration$JpaWebConfiguration - spring.jpa.open-in-view is enabled by default. Therefore, database queries may be performed during view rendering. Explicitly configure spring.jpa.open-in-view to disable this warning
2025-12-12 19:28:16 INFO  [restartedMain] o.s.boot.tomcat.TomcatWebServer - Tomcat started on port 8082 (http) with context path '/'
2025-12-12 19:28:16 INFO  [restartedMain] c.r.p.ProductServiceApplication - Started ProductServiceApplication in 0.967 seconds (process running for 4581.151)
2025-12-12 19:28:16 INFO  [restartedMain] o.s.b.d.a.ConditionEvaluationDeltaLoggingListener - Condition evaluation unchanged
2025-12-12 19:28:27 INFO  [http-nio-8082-exec-2] o.a.c.c.C.[Tomcat].[localhost].[/] - Initializing Spring DispatcherServlet 'dispatcherServlet'
2025-12-12 19:28:27 INFO  [http-nio-8082-exec-2] o.s.web.servlet.DispatcherServlet - Initializing Servlet 'dispatcherServlet'
2025-12-12 19:28:27 INFO  [http-nio-8082-exec-2] o.s.web.servlet.DispatcherServlet - Completed initialization in 4 ms
2025-12-12 19:28:27 INFO  [http-nio-8082-exec-2] c.r.product.config.ApiLoggingAspect - API hit: ResponseEntity com.ranjith.product.controller.ProductController.getAllUsers(), Args: []
2025-12-12 19:28:27 INFO  [http-nio-8082-exec-2] c.r.product.config.ApiLoggingAspect - API completed: ResponseEntity com.ranjith.product.controller.ProductController.getAllUsers(), Response: <200 OK OK,ApiResponse(status=200, message=Products fetched successfully, timestamp=2025-12-12T19:28:27.969944200, data=[ProductDto(id=4, name=Samsung Galaxy M34, description=Latest 5G smartphone with 6000mAh battery, price=17999.0, quantity=10, category=Electronics, unit=pcs, status=true)]),[]>, Execution time: 17 ms
2025-12-12 19:46:57 INFO  [RMI TCP Connection(69)-127.0.0.1] o.s.b.a.SpringApplicationAdminMXBeanRegistrar$SpringApplicationAdmin - Application shutdown requested.
2025-12-12 19:46:57 INFO  [RMI TCP Connection(69)-127.0.0.1] o.s.boot.tomcat.GracefulShutdown - Commencing graceful shutdown. Waiting for active requests to complete
2025-12-12 19:46:57 INFO  [tomcat-shutdown] o.s.boot.tomcat.GracefulShutdown - Graceful shutdown complete
2025-12-12 19:46:57 INFO  [RMI TCP Connection(69)-127.0.0.1] o.s.o.j.LocalContainerEntityManagerFactoryBean - Closing JPA EntityManagerFactory for persistence unit 'default'
2025-12-12 19:46:57 INFO  [RMI TCP Connection(69)-127.0.0.1] com.zaxxer.hikari.HikariDataSource - HikariPool-12 - Shutdown initiated...
2025-12-12 19:46:57 INFO  [RMI TCP Connection(69)-127.0.0.1] com.zaxxer.hikari.HikariDataSource - HikariPool-12 - Shutdown completed.
