2025-12-16 01:54:41 INFO  [background-preinit] o.h.validator.internal.util.Version - HV000001: Hibernate Validator 8.0.2.Final
2025-12-16 01:54:41 INFO  [restartedMain] c.r.user.UserServiceApplication - Starting UserServiceApplication using Java 17.0.8.1 with PID 35580 (D:\Ranjith\Workspace\Microservices-v5\user-service\target\classes started by ranji in D:\Ranjith\Workspace\Microservices-v5\user-service)
2025-12-16 01:54:41 INFO  [restartedMain] c.r.user.UserServiceApplication - No active profile set, falling back to 1 default profile: "default"
2025-12-16 01:54:41 INFO  [restartedMain] o.s.b.d.e.DevToolsPropertyDefaultsPostProcessor - Devtools property defaults active! Set 'spring.devtools.add-properties' to 'false' to disable
2025-12-16 01:54:41 INFO  [restartedMain] o.s.b.d.e.DevToolsPropertyDefaultsPostProcessor - For additional web related logging consider setting the 'logging.level.web' property to 'DEBUG'
2025-12-16 01:54:42 INFO  [restartedMain] o.s.d.r.c.RepositoryConfigurationDelegate - Bootstrapping Spring Data JPA repositories in DEFAULT mode.
2025-12-16 01:54:42 INFO  [restartedMain] o.s.d.r.c.RepositoryConfigurationDelegate - Finished Spring Data repository scanning in 190 ms. Found 2 JPA repository interfaces.
2025-12-16 01:54:43 INFO  [restartedMain] o.s.cloud.context.scope.GenericScope - BeanFactory id=a61f0318-a509-3637-a088-fd6b37fbde6e
2025-12-16 01:54:44 INFO  [restartedMain] o.s.b.w.e.tomcat.TomcatWebServer - Tomcat initialized with port 8081 (http)
2025-12-16 01:54:44 INFO  [restartedMain] o.a.coyote.http11.Http11NioProtocol - Initializing ProtocolHandler ["http-nio-8081"]
2025-12-16 01:54:44 INFO  [restartedMain] o.a.catalina.core.StandardService - Starting service [Tomcat]
2025-12-16 01:54:44 INFO  [restartedMain] o.a.catalina.core.StandardEngine - Starting Servlet engine: [Apache Tomcat/10.1.34]
2025-12-16 01:54:44 INFO  [restartedMain] o.a.c.c.C.[Tomcat].[localhost].[/] - Initializing Spring embedded WebApplicationContext
2025-12-16 01:54:44 INFO  [restartedMain] o.s.b.w.s.c.ServletWebServerApplicationContext - Root WebApplicationContext: initialization completed in 2823 ms
2025-12-16 01:54:44 INFO  [restartedMain] o.h.jpa.internal.util.LogHelper - HHH000204: Processing PersistenceUnitInfo [name: default]
2025-12-16 01:54:44 INFO  [restartedMain] org.hibernate.Version - HHH000412: Hibernate ORM core version 6.6.4.Final
2025-12-16 01:54:44 INFO  [restartedMain] o.h.c.i.RegionFactoryInitiator - HHH000026: Second-level cache disabled
2025-12-16 01:54:44 INFO  [restartedMain] o.s.o.j.p.SpringPersistenceUnitInfo - No LoadTimeWeaver setup: ignoring JPA class transformer
2025-12-16 01:54:44 INFO  [restartedMain] com.zaxxer.hikari.HikariDataSource - HikariPool-1 - Starting...
2025-12-16 01:54:45 INFO  [restartedMain] com.zaxxer.hikari.pool.HikariPool - HikariPool-1 - Added connection org.postgresql.jdbc.PgConnection@6f0baf66
2025-12-16 01:54:45 INFO  [restartedMain] com.zaxxer.hikari.HikariDataSource - HikariPool-1 - Start completed.
2025-12-16 01:54:45 WARN  [restartedMain] org.hibernate.orm.deprecation - HHH90000025: PostgreSQLDialect does not need to be specified explicitly using 'hibernate.dialect' (remove the property setting and it will be selected by default)
2025-12-16 01:54:45 INFO  [restartedMain] o.hibernate.orm.connections.pooling - HHH10001005: Database info:
	Database JDBC URL [Connecting through datasource 'HikariDataSource (HikariPool-1)']
	Database driver: undefined/unknown
	Database version: 16.11
	Autocommit mode: undefined/unknown
	Isolation level: undefined/unknown
	Minimum pool size: undefined/unknown
	Maximum pool size: undefined/unknown
2025-12-16 01:54:46 INFO  [restartedMain] o.h.e.t.j.p.i.JtaPlatformInitiator - HHH000489: No JTA platform available (set 'hibernate.transaction.jta.platform' to enable JTA platform integration)
2025-12-16 01:54:46 INFO  [restartedMain] o.s.o.j.LocalContainerEntityManagerFactoryBean - Initialized JPA EntityManagerFactory for persistence unit 'default'
2025-12-16 01:54:47 WARN  [restartedMain] o.s.b.a.o.j.JpaBaseConfiguration$JpaWebConfiguration - spring.jpa.open-in-view is enabled by default. Therefore, database queries may be performed during view rendering. Explicitly configure spring.jpa.open-in-view to disable this warning
2025-12-16 01:54:47 WARN  [restartedMain] o.s.b.a.s.s.UserDetailsServiceAutoConfiguration - 

Using generated security password: 543a4665-400d-4d7a-9620-14edfac2a1c4

This generated password is for development use only. Your security configuration must be updated before running your application in production.

2025-12-16 01:54:47 INFO  [restartedMain] o.s.s.c.a.a.c.InitializeUserDetailsBeanManagerConfigurer$InitializeUserDetailsManagerConfigurer - Global AuthenticationManager configured with UserDetailsService bean with name inMemoryUserDetailsManager
2025-12-16 01:54:48 INFO  [restartedMain] o.s.b.d.a.OptionalLiveReloadServer - LiveReload server is running on port 35729
2025-12-16 01:54:48 INFO  [restartedMain] o.s.c.n.e.c.DiscoveryClientOptionalArgsConfiguration - Eureka HTTP Client uses RestTemplate.
2025-12-16 01:54:48 WARN  [restartedMain] o.s.c.l.c.LoadBalancerCacheAutoConfiguration$LoadBalancerCaffeineWarnLogger - Spring Cloud LoadBalancer is currently working with the default cache. While this cache implementation is useful for development and tests, it's recommended to use Caffeine cache in production.You can switch to using Caffeine cache, by adding it and org.springframework.cache.caffeine.CaffeineCacheManager to the classpath.
2025-12-16 01:54:48 INFO  [restartedMain] o.s.c.n.eureka.InstanceInfoFactory - Setting initial instance status as: STARTING
2025-12-16 01:54:48 INFO  [restartedMain] c.netflix.discovery.DiscoveryClient - Initializing Eureka in region us-east-1
2025-12-16 01:54:48 INFO  [restartedMain] c.n.d.s.r.aws.ConfigClusterResolver - Resolving eureka endpoints via configuration
2025-12-16 01:54:48 INFO  [restartedMain] c.netflix.discovery.DiscoveryClient - Disable delta property : false
2025-12-16 01:54:48 INFO  [restartedMain] c.netflix.discovery.DiscoveryClient - Single vip registry refresh property : null
2025-12-16 01:54:48 INFO  [restartedMain] c.netflix.discovery.DiscoveryClient - Force full registry fetch : false
2025-12-16 01:54:48 INFO  [restartedMain] c.netflix.discovery.DiscoveryClient - Application is null : false
2025-12-16 01:54:48 INFO  [restartedMain] c.netflix.discovery.DiscoveryClient - Registered Applications size is zero : true
2025-12-16 01:54:48 INFO  [restartedMain] c.netflix.discovery.DiscoveryClient - Application version is -1: true
2025-12-16 01:54:48 INFO  [restartedMain] c.netflix.discovery.DiscoveryClient - Getting all instance registry info from the eureka server
2025-12-16 01:54:49 INFO  [restartedMain] c.netflix.discovery.DiscoveryClient - The response status is 200
2025-12-16 01:54:49 INFO  [restartedMain] c.netflix.discovery.DiscoveryClient - Starting heartbeat executor: renew interval is: 30
2025-12-16 01:54:49 INFO  [restartedMain] c.n.discovery.InstanceInfoReplicator - InstanceInfoReplicator onDemand update allowed rate per min is 4
2025-12-16 01:54:49 INFO  [restartedMain] c.netflix.discovery.DiscoveryClient - Discovery Client initialized at timestamp 1765830289544 with initial instances count: 5
2025-12-16 01:54:49 INFO  [restartedMain] o.s.c.n.e.s.EurekaServiceRegistry - Registering application USER-SERVICE with eureka with status UP
2025-12-16 01:54:49 INFO  [restartedMain] c.netflix.discovery.DiscoveryClient - Saw local status change event StatusChangeEvent [timestamp=1765830289570, current=UP, previous=STARTING]
2025-12-16 01:54:49 INFO  [DiscoveryClient-InstanceInfoReplicator-%d] c.netflix.discovery.DiscoveryClient - DiscoveryClient_USER-SERVICE/RanjithSam:USER-SERVICE:8081: registering service...
2025-12-16 01:54:49 INFO  [restartedMain] o.a.coyote.http11.Http11NioProtocol - Starting ProtocolHandler ["http-nio-8081"]
2025-12-16 01:54:49 INFO  [restartedMain] o.s.b.w.e.tomcat.TomcatWebServer - Tomcat started on port 8081 (http) with context path '/'
2025-12-16 01:54:49 INFO  [restartedMain] o.s.c.n.e.s.EurekaAutoServiceRegistration - Updating port to 8081
2025-12-16 01:54:49 INFO  [DiscoveryClient-InstanceInfoReplicator-%d] c.netflix.discovery.DiscoveryClient - DiscoveryClient_USER-SERVICE/RanjithSam:USER-SERVICE:8081 - registration status: 204
2025-12-16 01:54:49 INFO  [restartedMain] c.r.user.UserServiceApplication - Started UserServiceApplication in 9.508 seconds (process running for 10.957)
2025-12-16 01:55:25 INFO  [http-nio-8081-exec-2] o.a.c.c.C.[Tomcat].[localhost].[/] - Initializing Spring DispatcherServlet 'dispatcherServlet'
2025-12-16 01:55:25 INFO  [http-nio-8081-exec-2] o.s.web.servlet.DispatcherServlet - Initializing Servlet 'dispatcherServlet'
2025-12-16 01:55:25 INFO  [http-nio-8081-exec-2] o.s.web.servlet.DispatcherServlet - Completed initialization in 4 ms
2025-12-16 01:55:25 INFO  [http-nio-8081-exec-2] c.r.user.config.ApiLoggingAspect - API hit: UserDto com.ranjith.user.controller.UserController.getByUsername(String), Args: [ram]
2025-12-16 01:55:25 WARN  [http-nio-8081-exec-2] o.s.w.s.m.m.a.ExceptionHandlerExceptionResolver - Resolved [com.ranjith.user.exception.ResourceNotFoundException: Record Not found with ram]
2025-12-16 01:56:21 INFO  [http-nio-8081-exec-3] c.r.user.config.ApiLoggingAspect - API hit: ResponseEntity com.ranjith.user.controller.UserController.createUser(UserDto), Args: [UserDto(userName=ranjith, email=raman@example.com, rolesIds=[1, 2])]
2025-12-16 01:56:21 INFO  [http-nio-8081-exec-3] c.r.user.config.ApiLoggingAspect - API completed: ResponseEntity com.ranjith.user.controller.UserController.createUser(UserDto), Response: <201 CREATED Created,ApiResponse(status=201, message=User 1 created successfully, timestamp=2025-12-16T01:56:21.954313700, data=UserDto(userName=ranjith, email=raman@example.com, rolesIds=[1, 2])),[]>, Execution time: 483 ms
2025-12-16 01:59:48 INFO  [AsyncResolver-bootstrap-executor-%d] c.n.d.s.r.aws.ConfigClusterResolver - Resolving eureka endpoints via configuration
